<?xml version="1.0" encoding="UTF-8"?>
<testsuites name="Clinical Information" time="36.9" tests="1" failures="0" errors="1">
   <testsuite name="Clinical Information" tests="1" failures="0" errors="1" time="36.9" timestamp="2020-06-17 13:55:31" hostname="rahul.nalawade - LT191.creativeit.in" id="Test Suites/Clinical Information">
      <properties>
         <property name="deviceName" value=""/>
         <property name="devicePlatform" value=""/>
         <property name="logFolder" value="C:\\Users\\rahul.nalawade\\git\\DRIS-Automation\\Reports\\20200617_135529\\Clinical Information\\20200617_135529"/>
         <property name="logFiles" value="C:\\Users\\rahul.nalawade\\git\\DRIS-Automation\\Reports\\20200617_135529\\Clinical Information\\20200617_135529\\execution0.log"/>
         <property name="attachments" value=""/>
         <property name="hostName" value="rahul.nalawade - LT191.creativeit.in"/>
         <property name="os" value="Windows 10 64bit"/>
         <property name="katalonVersion" value="7.4.0.1"/>
         <property name="browser" value="Chrome 83.0.4103.97"/>
         <property name="hostAddress" value="20.200.200.104"/>
         <property name="sessionId" value="a73341a3d06714d1bf997bdf8de16738"/>
         <property name="seleniumVersion" value="3.141.59"/>
         <property name="proxyInformation" value="ProxyInformation{proxyOption=NO_PROXY, proxyServerType=HTTP, password=, proxyServerAddress=, proxyServerPort=0, executionList=}"/>
         <property name="platform" value="Windows 10"/>
      </properties>
      <testcase name="Test Cases/Clinical Information/Report Builder/PSR report by Encounter" time="36.057" classname="Test Cases/Clinical Information/Report Builder/PSR report by Encounter" status="ERROR">
         <error type="ERROR" message="Test Cases/Clinical Information/Report Builder/PSR report by Encounter FAILED.
Reason:
java.lang.IllegalArgumentException: Cannot find test data with id 'Data Files/Input Data/Input' because (of) 'java.io.FileNotFoundException: C:\Users\rajarshi.kadam\Desktop\Input.xlsx'
	at com.kms.katalon.core.testdata.TestDataFactory.findTestData(TestDataFactory.java:131)
	at com.kms.katalon.core.testdata.TestDataFactory$findTestData.callStatic(Unknown Source)
	at PSR report by Encounter.run(PSR report by Encounter:72)
	at com.kms.katalon.core.main.ScriptEngine.run(ScriptEngine.java:194)
	at com.kms.katalon.core.main.ScriptEngine.runScriptAsRawText(ScriptEngine.java:119)
	at com.kms.katalon.core.main.TestCaseExecutor.runScript(TestCaseExecutor.java:337)
	at com.kms.katalon.core.main.TestCaseExecutor.doExecute(TestCaseExecutor.java:328)
	at com.kms.katalon.core.main.TestCaseExecutor.processExecutionPhase(TestCaseExecutor.java:307)
	at com.kms.katalon.core.main.TestCaseExecutor.accessMainPhase(TestCaseExecutor.java:299)
	at com.kms.katalon.core.main.TestCaseExecutor.execute(TestCaseExecutor.java:233)
	at com.kms.katalon.core.main.TestSuiteExecutor.accessTestCaseMainPhase(TestSuiteExecutor.java:169)
	at com.kms.katalon.core.main.TestSuiteExecutor.accessTestSuiteMainPhase(TestSuiteExecutor.java:142)
	at com.kms.katalon.core.main.TestSuiteExecutor.execute(TestSuiteExecutor.java:91)
	at com.kms.katalon.core.main.TestCaseMain.startTestSuite(TestCaseMain.java:157)
	at com.kms.katalon.core.main.TestCaseMain$startTestSuite$0.call(Unknown Source)
	at TempTestSuite1592382329506.run(TempTestSuite1592382329506.groovy:37)
"/>
         <system-out><![CDATA[2020-06-17 13:55:31 - [TEST_CASE][ERROR] - Test Cases/Clinical Information/Report Builder/PSR report by Encounter: Test Cases/Clinical Information/Report Builder/PSR report by Encounter FAILED.
Reason:
java.lang.IllegalArgumentException: Cannot find test data with id 'Data Files/Input Data/Input' because (of) 'java.io.FileNotFoundException: C:\Users\rajarshi.kadam\Desktop\Input.xlsx'
	at com.kms.katalon.core.testdata.TestDataFactory.findTestData(TestDataFactory.java:131)
	at com.kms.katalon.core.testdata.TestDataFactory$findTestData.callStatic(Unknown Source)
	at PSR report by Encounter.run(PSR report by Encounter:72)
	at com.kms.katalon.core.main.ScriptEngine.run(ScriptEngine.java:194)
	at com.kms.katalon.core.main.ScriptEngine.runScriptAsRawText(ScriptEngine.java:119)
	at com.kms.katalon.core.main.TestCaseExecutor.runScript(TestCaseExecutor.java:337)
	at com.kms.katalon.core.main.TestCaseExecutor.doExecute(TestCaseExecutor.java:328)
	at com.kms.katalon.core.main.TestCaseExecutor.processExecutionPhase(TestCaseExecutor.java:307)
	at com.kms.katalon.core.main.TestCaseExecutor.accessMainPhase(TestCaseExecutor.java:299)
	at com.kms.katalon.core.main.TestCaseExecutor.execute(TestCaseExecutor.java:233)
	at com.kms.katalon.core.main.TestSuiteExecutor.accessTestCaseMainPhase(TestSuiteExecutor.java:169)
	at com.kms.katalon.core.main.TestSuiteExecutor.accessTestSuiteMainPhase(TestSuiteExecutor.java:142)
	at com.kms.katalon.core.main.TestSuiteExecutor.execute(TestSuiteExecutor.java:91)
	at com.kms.katalon.core.main.TestCaseMain.startTestSuite(TestCaseMain.java:157)
	at com.kms.katalon.core.main.TestCaseMain$startTestSuite$0.call(Unknown Source)
	at TempTestSuite1592382329506.run(TempTestSuite1592382329506.groovy:37)


2020-06-17 13:55:32 - [TEST_STEP][PASSED] - openBrowser(""): Browser is opened with url: ''

2020-06-17 13:55:32 - [MESSAGE][INFO] - Starting 'Chrome' driver

2020-06-17 13:55:32 - [MESSAGE][INFO] - Action delay is set to 0 milliseconds

2020-06-17 13:55:35 - [MESSAGE][PASSED] - Browser is opened with url: ''

2020-06-17 13:55:35 - [TEST_STEP][PASSED] - navigateToUrl("https://citihc5.citi-us.com/DRISDEV/Account/Login"): Navigate to 'https://citihc5.citi-us.com/DRISDEV/Account/Login' successfully

2020-06-17 13:55:46 - [MESSAGE][PASSED] - Navigate to 'https://citihc5.citi-us.com/DRISDEV/Account/Login' successfully

2020-06-17 13:55:46 - [TEST_STEP][PASSED] - maximizeWindow(): Current window maximized

2020-06-17 13:55:47 - [MESSAGE][PASSED] - Current window maximized

2020-06-17 13:55:47 - [TEST_STEP][PASSED] - assert getWindowTitle() == "Log in": Current window's title is: 'Log in'

2020-06-17 13:55:47 - [MESSAGE][PASSED] - Current window's title is: 'Log in'

2020-06-17 13:55:47 - [TEST_STEP][PASSED] - assert verifyElementPresent(findTestObject("Clinical Information/Report Builder/Page_Log in/Log_in_Banner"), 2, CONTINUE_ON_FAILURE): Object 'Object Repository/Clinical Information/Report Builder/Page_Log in/Log_in_Banner' is present

2020-06-17 13:55:48 - [MESSAGE][PASSED] - Object 'Object Repository/Clinical Information/Report Builder/Page_Log in/Log_in_Banner' is present

2020-06-17 13:55:48 - [TEST_STEP][PASSED] - setText(findTestObject("Object Repository/Clinical Information/Report Builder/Page_Log in/input_User Name_UserName"), "rkadam"): Text 'rkadam' is set on object 'Object Repository/Clinical Information/Report Builder/Page_Log in/input_User Name_UserName'

2020-06-17 13:55:48 - [MESSAGE][PASSED] - Text 'rkadam' is set on object 'Object Repository/Clinical Information/Report Builder/Page_Log in/input_User Name_UserName'

2020-06-17 13:55:48 - [TEST_STEP][PASSED] - delay(1): Delayed 1 second(s)

2020-06-17 13:55:49 - [MESSAGE][PASSED] - Delayed 1 second(s)

2020-06-17 13:55:49 - [TEST_STEP][PASSED] - setEncryptedText(findTestObject("Object Repository/Clinical Information/Report Builder/Page_Log in/input_Password_Password"), "lQ7Lhlvb+R47HPw+AJwSpQ=="): Text ****** has been set on object 'Object Repository/Clinical Information/Report Builder/Page_Log in/input_Password_Password'

2020-06-17 13:55:50 - [MESSAGE][PASSED] - Text ****** has been set on object 'Object Repository/Clinical Information/Report Builder/Page_Log in/input_Password_Password'

2020-06-17 13:55:50 - [TEST_STEP][PASSED] - delay(1): Delayed 1 second(s)

2020-06-17 13:55:51 - [MESSAGE][PASSED] - Delayed 1 second(s)

2020-06-17 13:55:51 - [TEST_STEP][PASSED] - click(findTestObject("Object Repository/Clinical Information/Report Builder/Page_Log in/input_Password_btn btn-primary btn-md")): Object: 'Object Repository/Clinical Information/Report Builder/Page_Log in/input_Password_btn btn-primary btn-md' is clicked on

2020-06-17 13:55:53 - [MESSAGE][PASSED] - Object: 'Object Repository/Clinical Information/Report Builder/Page_Log in/input_Password_btn btn-primary btn-md' is clicked on

2020-06-17 13:55:53 - [TEST_STEP][PASSED] - delay(10): Delayed 10 second(s)

2020-06-17 13:56:03 - [MESSAGE][PASSED] - Delayed 10 second(s)

2020-06-17 13:56:03 - [TEST_STEP][PASSED] - Driver = getWebDriver(): null

2020-06-17 13:56:03 - [TEST_STEP][PASSED] - assert getWindowTitle() == "DRIS Home Page": Current window's title is: 'DRIS Home Page'

2020-06-17 13:56:03 - [MESSAGE][PASSED] - Current window's title is: 'DRIS Home Page'

2020-06-17 13:56:03 - [TEST_STEP][PASSED] - click(findTestObject("Object Repository/Clinical Information/Report Builder/Page_Search/a_Clinical")): Object: 'Object Repository/Clinical Information/Report Builder/Page_Search/a_Clinical' is clicked on

2020-06-17 13:56:05 - [MESSAGE][PASSED] - Object: 'Object Repository/Clinical Information/Report Builder/Page_Search/a_Clinical' is clicked on

2020-06-17 13:56:05 - [TEST_STEP][PASSED] - delay(1): Delayed 1 second(s)

2020-06-17 13:56:06 - [MESSAGE][PASSED] - Delayed 1 second(s)

2020-06-17 13:56:06 - [TEST_STEP][PASSED] - assert getWindowTitle() == "Search": Current window's title is: 'Search'

2020-06-17 13:56:06 - [MESSAGE][PASSED] - Current window's title is: 'Search'

2020-06-17 13:56:06 - [TEST_STEP][PASSED] - assert verifyElementPresent(findTestObject("Clinical Information/Report Builder/Page_Search/Page_Search_Link"), 2, CONTINUE_ON_FAILURE): Object 'Object Repository/Clinical Information/Report Builder/Page_Search/Page_Search_Link' is present

2020-06-17 13:56:06 - [MESSAGE][PASSED] - Object 'Object Repository/Clinical Information/Report Builder/Page_Search/Page_Search_Link' is present

2020-06-17 13:56:06 - [TEST_STEP][PASSED] - assert verifyElementPresent(findTestObject("Clinical Information/Report Builder/Page_Search/a_Clinical"), 2, CONTINUE_ON_FAILURE): Object 'Object Repository/Clinical Information/Report Builder/Page_Search/a_Clinical' is present

2020-06-17 13:56:06 - [MESSAGE][PASSED] - Object 'Object Repository/Clinical Information/Report Builder/Page_Search/a_Clinical' is present

2020-06-17 13:56:06 - [TEST_STEP][PASSED] - delay(1): Delayed 1 second(s)

2020-06-17 13:56:07 - [MESSAGE][PASSED] - Delayed 1 second(s)

2020-06-17 13:56:07 - [TEST_STEP][PASSED] - sLastName = findTestData("Input Data/Input").getValue(2, 2): null]]></system-out>
         <system-err><![CDATA[2020-06-17 13:55:31 - [TEST_CASE][ERROR] - Test Cases/Clinical Information/Report Builder/PSR report by Encounter: Test Cases/Clinical Information/Report Builder/PSR report by Encounter FAILED.
Reason:
java.lang.IllegalArgumentException: Cannot find test data with id 'Data Files/Input Data/Input' because (of) 'java.io.FileNotFoundException: C:\Users\rajarshi.kadam\Desktop\Input.xlsx'
	at com.kms.katalon.core.testdata.TestDataFactory.findTestData(TestDataFactory.java:131)
	at com.kms.katalon.core.testdata.TestDataFactory$findTestData.callStatic(Unknown Source)
	at PSR report by Encounter.run(PSR report by Encounter:72)
	at com.kms.katalon.core.main.ScriptEngine.run(ScriptEngine.java:194)
	at com.kms.katalon.core.main.ScriptEngine.runScriptAsRawText(ScriptEngine.java:119)
	at com.kms.katalon.core.main.TestCaseExecutor.runScript(TestCaseExecutor.java:337)
	at com.kms.katalon.core.main.TestCaseExecutor.doExecute(TestCaseExecutor.java:328)
	at com.kms.katalon.core.main.TestCaseExecutor.processExecutionPhase(TestCaseExecutor.java:307)
	at com.kms.katalon.core.main.TestCaseExecutor.accessMainPhase(TestCaseExecutor.java:299)
	at com.kms.katalon.core.main.TestCaseExecutor.execute(TestCaseExecutor.java:233)
	at com.kms.katalon.core.main.TestSuiteExecutor.accessTestCaseMainPhase(TestSuiteExecutor.java:169)
	at com.kms.katalon.core.main.TestSuiteExecutor.accessTestSuiteMainPhase(TestSuiteExecutor.java:142)
	at com.kms.katalon.core.main.TestSuiteExecutor.execute(TestSuiteExecutor.java:91)
	at com.kms.katalon.core.main.TestCaseMain.startTestSuite(TestCaseMain.java:157)
	at com.kms.katalon.core.main.TestCaseMain$startTestSuite$0.call(Unknown Source)
	at TempTestSuite1592382329506.run(TempTestSuite1592382329506.groovy:37)]]></system-err>
      </testcase>
      <system-out><![CDATA[2020-06-17 13:55:31 - [TEST_SUITE][ERROR] - Clinical Information: Test Cases/Clinical Information/Report Builder/PSR report by Encounter FAILED.
Reason:
java.lang.IllegalArgumentException: Cannot find test data with id 'Data Files/Input Data/Input' because (of) 'java.io.FileNotFoundException: C:\Users\rajarshi.kadam\Desktop\Input.xlsx'
	at com.kms.katalon.core.testdata.TestDataFactory.findTestData(TestDataFactory.java:131)
	at com.kms.katalon.core.testdata.TestDataFactory$findTestData.callStatic(Unknown Source)
	at PSR report by Encounter.run(PSR report by Encounter:72)
	at com.kms.katalon.core.main.ScriptEngine.run(ScriptEngine.java:194)
	at com.kms.katalon.core.main.ScriptEngine.runScriptAsRawText(ScriptEngine.java:119)
	at com.kms.katalon.core.main.TestCaseExecutor.runScript(TestCaseExecutor.java:337)
	at com.kms.katalon.core.main.TestCaseExecutor.doExecute(TestCaseExecutor.java:328)
	at com.kms.katalon.core.main.TestCaseExecutor.processExecutionPhase(TestCaseExecutor.java:307)
	at com.kms.katalon.core.main.TestCaseExecutor.accessMainPhase(TestCaseExecutor.java:299)
	at com.kms.katalon.core.main.TestCaseExecutor.execute(TestCaseExecutor.java:233)
	at com.kms.katalon.core.main.TestSuiteExecutor.accessTestCaseMainPhase(TestSuiteExecutor.java:169)
	at com.kms.katalon.core.main.TestSuiteExecutor.accessTestSuiteMainPhase(TestSuiteExecutor.java:142)
	at com.kms.katalon.core.main.TestSuiteExecutor.execute(TestSuiteExecutor.java:91)
	at com.kms.katalon.core.main.TestCaseMain.startTestSuite(TestCaseMain.java:157)
	at com.kms.katalon.core.main.TestCaseMain$startTestSuite$0.call(Unknown Source)
	at TempTestSuite1592382329506.run(TempTestSuite1592382329506.groovy:37)]]></system-out>
      <system-err><![CDATA[2020-06-17 13:55:31 - [TEST_SUITE][ERROR] - Clinical Information: Test Cases/Clinical Information/Report Builder/PSR report by Encounter FAILED.
Reason:
java.lang.IllegalArgumentException: Cannot find test data with id 'Data Files/Input Data/Input' because (of) 'java.io.FileNotFoundException: C:\Users\rajarshi.kadam\Desktop\Input.xlsx'
	at com.kms.katalon.core.testdata.TestDataFactory.findTestData(TestDataFactory.java:131)
	at com.kms.katalon.core.testdata.TestDataFactory$findTestData.callStatic(Unknown Source)
	at PSR report by Encounter.run(PSR report by Encounter:72)
	at com.kms.katalon.core.main.ScriptEngine.run(ScriptEngine.java:194)
	at com.kms.katalon.core.main.ScriptEngine.runScriptAsRawText(ScriptEngine.java:119)
	at com.kms.katalon.core.main.TestCaseExecutor.runScript(TestCaseExecutor.java:337)
	at com.kms.katalon.core.main.TestCaseExecutor.doExecute(TestCaseExecutor.java:328)
	at com.kms.katalon.core.main.TestCaseExecutor.processExecutionPhase(TestCaseExecutor.java:307)
	at com.kms.katalon.core.main.TestCaseExecutor.accessMainPhase(TestCaseExecutor.java:299)
	at com.kms.katalon.core.main.TestCaseExecutor.execute(TestCaseExecutor.java:233)
	at com.kms.katalon.core.main.TestSuiteExecutor.accessTestCaseMainPhase(TestSuiteExecutor.java:169)
	at com.kms.katalon.core.main.TestSuiteExecutor.accessTestSuiteMainPhase(TestSuiteExecutor.java:142)
	at com.kms.katalon.core.main.TestSuiteExecutor.execute(TestSuiteExecutor.java:91)
	at com.kms.katalon.core.main.TestCaseMain.startTestSuite(TestCaseMain.java:157)
	at com.kms.katalon.core.main.TestCaseMain$startTestSuite$0.call(Unknown Source)
	at TempTestSuite1592382329506.run(TempTestSuite1592382329506.groovy:37)]]></system-err>
   </testsuite>
</testsuites>
